<?xml version="1.0" encoding="UTF-8"?>
<testsuite xmlns:xsi="http://www.w3.org/2001/XMLSchema-instance" xsi:noNamespaceSchemaLocation="https://maven.apache.org/surefire/maven-surefire-plugin/xsd/surefire-test-report.xsd" name="io.github.amisty210.tempemailapp.AppTest" time="0.019" tests="1" errors="0" skipped="0" failures="0">
  <properties>
    <property name="java.specification.version" value="17"/>
    <property name="sun.cpu.isalist" value="amd64"/>
    <property name="sun.jnu.encoding" value="Cp1252"/>
    <property name="java.class.path" value="C:\Users\amist\Documents\Work\Java Projects\temp-email-app\target\test-classes;C:\Users\amist\Documents\Work\Java Projects\temp-email-app\target\classes;C:\Users\amist\.m2\repository\junit\junit\4.11\junit-4.11.jar;C:\Users\amist\.m2\repository\org\hamcrest\hamcrest-core\1.3\hamcrest-core-1.3.jar;C:\Users\amist\.m2\repository\org\openjfx\javafx-controls\20\javafx-controls-20.jar;C:\Users\amist\.m2\repository\org\openjfx\javafx-controls\20\javafx-controls-20-win.jar;C:\Users\amist\.m2\repository\org\openjfx\javafx-graphics\20\javafx-graphics-20.jar;C:\Users\amist\.m2\repository\org\openjfx\javafx-graphics\20\javafx-graphics-20-win.jar;C:\Users\amist\.m2\repository\org\openjfx\javafx-base\20\javafx-base-20.jar;C:\Users\amist\.m2\repository\org\openjfx\javafx-base\20\javafx-base-20-win.jar;C:\Users\amist\.m2\repository\jakarta\xml\bind\jakarta.xml.bind-api\3.0.1\jakarta.xml.bind-api-3.0.1.jar;C:\Users\amist\.m2\repository\com\sun\activation\jakarta.activation\2.0.1\jakarta.activation-2.0.1.jar;C:\Users\amist\.m2\repository\org\openjfx\javafx-fxml\20\javafx-fxml-20.jar;C:\Users\amist\.m2\repository\org\openjfx\javafx-fxml\20\javafx-fxml-20-win.jar;"/>
    <property name="java.vm.vendor" value="Eclipse Adoptium"/>
    <property name="sun.arch.data.model" value="64"/>
    <property name="user.variant" value=""/>
    <property name="java.vendor.url" value="https://adoptium.net/"/>
    <property name="user.timezone" value="Europe/London"/>
    <property name="os.name" value="Windows 11"/>
    <property name="java.vm.specification.version" value="17"/>
    <property name="sun.java.launcher" value="SUN_STANDARD"/>
    <property name="user.country" value="GB"/>
    <property name="sun.boot.library.path" value="C:\Users\amist\AppData\Local\Programs\Eclipse Adoptium\jdk-17.0.9.9-hotspot\bin"/>
    <property name="sun.java.command" value="C:\Users\amist\AppData\Local\Temp\surefire12563320241018323736\surefirebooter11656112442253930821.jar C:\Users\amist\AppData\Local\Temp\surefire12563320241018323736 2025-01-14T21-52-02_089-jvmRun1 surefire7008209367016326924tmp surefire_012078298038970023462tmp"/>
    <property name="jdk.debug" value="release"/>
    <property name="surefire.test.class.path" value="C:\Users\amist\Documents\Work\Java Projects\temp-email-app\target\test-classes;C:\Users\amist\Documents\Work\Java Projects\temp-email-app\target\classes;C:\Users\amist\.m2\repository\junit\junit\4.11\junit-4.11.jar;C:\Users\amist\.m2\repository\org\hamcrest\hamcrest-core\1.3\hamcrest-core-1.3.jar;C:\Users\amist\.m2\repository\org\openjfx\javafx-controls\20\javafx-controls-20.jar;C:\Users\amist\.m2\repository\org\openjfx\javafx-controls\20\javafx-controls-20-win.jar;C:\Users\amist\.m2\repository\org\openjfx\javafx-graphics\20\javafx-graphics-20.jar;C:\Users\amist\.m2\repository\org\openjfx\javafx-graphics\20\javafx-graphics-20-win.jar;C:\Users\amist\.m2\repository\org\openjfx\javafx-base\20\javafx-base-20.jar;C:\Users\amist\.m2\repository\org\openjfx\javafx-base\20\javafx-base-20-win.jar;C:\Users\amist\.m2\repository\jakarta\xml\bind\jakarta.xml.bind-api\3.0.1\jakarta.xml.bind-api-3.0.1.jar;C:\Users\amist\.m2\repository\com\sun\activation\jakarta.activation\2.0.1\jakarta.activation-2.0.1.jar;C:\Users\amist\.m2\repository\org\openjfx\javafx-fxml\20\javafx-fxml-20.jar;C:\Users\amist\.m2\repository\org\openjfx\javafx-fxml\20\javafx-fxml-20-win.jar;"/>
    <property name="sun.cpu.endian" value="little"/>
    <property name="user.home" value="C:\Users\amist"/>
    <property name="user.language" value="en"/>
    <property name="java.specification.vendor" value="Oracle Corporation"/>
    <property name="java.version.date" value="2023-10-17"/>
    <property name="java.home" value="C:\Users\amist\AppData\Local\Programs\Eclipse Adoptium\jdk-17.0.9.9-hotspot"/>
    <property name="file.separator" value="\"/>
    <property name="basedir" value="C:\Users\amist\Documents\Work\Java Projects\temp-email-app"/>
    <property name="java.vm.compressedOopsMode" value="Zero based"/>
    <property name="line.separator" value="&#10;"/>
    <property name="java.vm.specification.vendor" value="Oracle Corporation"/>
    <property name="java.specification.name" value="Java Platform API Specification"/>
    <property name="surefire.real.class.path" value="C:\Users\amist\AppData\Local\Temp\surefire12563320241018323736\surefirebooter11656112442253930821.jar"/>
    <property name="user.script" value=""/>
    <property name="sun.management.compiler" value="HotSpot 64-Bit Tiered Compilers"/>
    <property name="java.runtime.version" value="17.0.9+9"/>
    <property name="user.name" value="amist"/>
    <property name="path.separator" value=";"/>
    <property name="os.version" value="10.0"/>
    <property name="java.runtime.name" value="OpenJDK Runtime Environment"/>
    <property name="file.encoding" value="Cp1252"/>
    <property name="java.vm.name" value="OpenJDK 64-Bit Server VM"/>
    <property name="java.vendor.version" value="Temurin-17.0.9+9"/>
    <property name="localRepository" value="C:\Users\amist\.m2\repository"/>
    <property name="java.vendor.url.bug" value="https://github.com/adoptium/adoptium-support/issues"/>
    <property name="java.io.tmpdir" value="C:\Users\amist\AppData\Local\Temp\"/>
    <property name="java.version" value="17.0.9"/>
    <property name="user.dir" value="C:\Users\amist\Documents\Work\Java Projects\temp-email-app"/>
    <property name="os.arch" value="amd64"/>
    <property name="java.vm.specification.name" value="Java Virtual Machine Specification"/>
    <property name="sun.os.patch.level" value=""/>
    <property name="native.encoding" value="Cp1252"/>
    <property name="java.library.path" value="C:\Users\amist\AppData\Local\Programs\Eclipse Adoptium\jdk-17.0.9.9-hotspot\bin;C:\Windows\Sun\Java\bin;C:\Windows\system32;C:\Windows;C:\Windows\system32;C:\Windows;C:\Windows\System32\Wbem;C:\Windows\System32\WindowsPowerShell\v1.0\;C:\Windows\System32\OpenSSH\;C:\Program Files (x86)\NVIDIA Corporation\PhysX\Common;C:\Program Files\dotnet\;C:\Program Files\Git\cmd;C:\Program Files\Git LFS;C:\Program Files\NVIDIA Corporation\NVIDIA app\NvDLISR;C:\Users\amist\Documents\apache-maven-3.9.9\bin;C:\Users\amist\AppData\Local\Programs\Eclipse Adoptium\jdk-17.0.9.9-hotspot\bin;C:\Users\amist\AppData\Local\Programs\Eclipse Adoptium\jdk-17.0.9.9-hotspot\bin;C:\Users\amist\AppData\Local\Programs\Python\Python312\Scripts\;C:\Users\amist\AppData\Local\Programs\Python\Python312\;C:\Users\amist\AppData\Local\Programs\Python\Launcher\;C:\Users\amist\AppData\Local\Microsoft\WindowsApps;C:\Users\amist\AppData\Local\Programs\Microsoft VS Code\bin;C:\Users\amist\AppData\Local\GitHubDesktop\bin;."/>
    <property name="java.vm.info" value="mixed mode, sharing"/>
    <property name="java.vendor" value="Eclipse Adoptium"/>
    <property name="java.vm.version" value="17.0.9+9"/>
    <property name="sun.io.unicode.encoding" value="UnicodeLittle"/>
    <property name="java.class.version" value="61.0"/>
  </properties>
  <testcase name="shouldAnswerWithTrue" classname="io.github.amisty210.tempemailapp.AppTest" time="0"/>
</testsuite>